juli-15 13:52:02.860 [main] DEBUG nextflow.cli.Launcher - $> nextflow run tst.nf
juli-15 13:52:02.990 [main] INFO  nextflow.cli.CmdRun - N E X T F L O W  ~  version 22.04.4
juli-15 13:52:03.078 [main] DEBUG nextflow.cli.CmdRun - Applied DSL=2 from script declararion
juli-15 13:52:03.107 [main] INFO  nextflow.cli.CmdRun - Launching `tst.nf` [ridiculous_wright] DSL2 - revision: 21188bf72f
juli-15 13:52:03.123 [main] DEBUG nextflow.plugin.PluginsFacade - Setting up plugin manager > mode=prod; plugins-dir=/Users/nimra236/.nextflow/plugins; core-plugins: nf-amazon@1.7.2,nf-azure@0.13.2,nf-console@1.0.3,nf-ga4gh@1.0.3,nf-google@1.1.4,nf-sqldb@0.4.0,nf-tower@1.4.0
juli-15 13:52:03.126 [main] DEBUG nextflow.plugin.PluginsFacade - Plugins default=[]
juli-15 13:52:03.139 [main] INFO  org.pf4j.DefaultPluginStatusProvider - Enabled plugins: []
juli-15 13:52:03.140 [main] INFO  org.pf4j.DefaultPluginStatusProvider - Disabled plugins: []
juli-15 13:52:03.145 [main] INFO  org.pf4j.DefaultPluginManager - PF4J version 3.4.1 in 'deployment' mode
juli-15 13:52:03.158 [main] INFO  org.pf4j.AbstractPluginManager - No plugins
juli-15 13:52:03.223 [main] DEBUG nextflow.Session - Session uuid: 54816a3e-5560-4470-94b8-272b33708164
juli-15 13:52:03.224 [main] DEBUG nextflow.Session - Run name: ridiculous_wright
juli-15 13:52:03.226 [main] DEBUG nextflow.Session - Executor pool size: 12
juli-15 13:52:03.311 [main] DEBUG nextflow.cli.CmdRun - 
  Version: 22.04.4 build 5706
  Created: 19-06-2022 20:51 UTC (22:51 CEST)
  System: Mac OS X 11.4
  Runtime: Groovy 3.0.10 on OpenJDK 64-Bit Server VM 17.0.3+7
  Encoding: UTF-8 (UTF-8)
  Process: 6561@BMC-02XPE8DJG5J [130.238.180.148]
  CPUs: 12 - Mem: 16 GB (387.7 MB) - Swap: 3 GB (839.5 MB)
juli-15 13:52:03.328 [main] DEBUG nextflow.Session - Work-dir: /Users/nimra236/Dropbox/Doc/My_tools_in/My_Toolbox/Nextflow/work [Mac OS X]
juli-15 13:52:03.329 [main] DEBUG nextflow.Session - Script base path does not exist or is not a directory: /Users/nimra236/Dropbox/Doc/My_tools_in/My_Toolbox/Nextflow/bin
juli-15 13:52:03.341 [main] DEBUG nextflow.executor.ExecutorFactory - Extension executors providers=[]
juli-15 13:52:03.353 [main] DEBUG nextflow.Session - Observer factory: DefaultObserverFactory
juli-15 13:52:03.376 [main] DEBUG nextflow.cache.CacheFactory - Using Nextflow cache factory: nextflow.cache.DefaultCacheFactory
juli-15 13:52:03.389 [main] DEBUG nextflow.util.CustomThreadPool - Creating default thread pool > poolSize: 13; maxThreads: 1000
juli-15 13:52:03.492 [main] DEBUG nextflow.Session - Session start invoked
juli-15 13:52:04.294 [main] DEBUG nextflow.script.ScriptRunner - > Launching execution
juli-15 13:52:04.494 [main] DEBUG nextflow.executor.ExecutorFactory - << taskConfig executor: null
juli-15 13:52:04.494 [main] DEBUG nextflow.executor.ExecutorFactory - >> processorType: 'local'
juli-15 13:52:04.501 [main] DEBUG nextflow.executor.Executor - [warm up] executor > local
juli-15 13:52:04.507 [main] DEBUG n.processor.LocalPollingMonitor - Creating local task monitor for executor 'local' > cpus=12; memory=16 GB; capacity=12; pollInterval=100ms; dumpInterval=5m
juli-15 13:52:04.611 [main] DEBUG nextflow.Session - Workflow process names [dsl2]: test
juli-15 13:52:04.612 [main] DEBUG nextflow.Session - Ignite dataflow network (2)
juli-15 13:52:04.618 [PathVisitor-1] DEBUG nextflow.file.PathVisitor - files for syntax: glob; folder: /domus/h1/nimar/nextflow_tutorial/fastq/; pattern: *{1,2}.fq; options: [:]
juli-15 13:52:04.619 [main] DEBUG nextflow.processor.TaskProcessor - Starting process > test
juli-15 13:52:04.620 [main] DEBUG nextflow.script.ScriptRunner - > Await termination 
juli-15 13:52:04.620 [main] DEBUG nextflow.Session - Session await
juli-15 13:52:04.623 [PathVisitor-1] DEBUG nextflow.file.PathVisitor - No such file: /domus/h1/nimar/nextflow_tutorial/fastq/ -- Skipping visit
juli-15 13:52:04.812 [Task submitter] DEBUG nextflow.executor.LocalTaskHandler - Launch cmd line: /bin/bash -ue .command.run
juli-15 13:52:04.818 [Task submitter] INFO  nextflow.Session - [88/031b3e] Submitted process > test
juli-15 13:52:04.934 [Task monitor] DEBUG n.processor.TaskPollingMonitor - Task completed > TaskHandler[id: 1; name: test; status: COMPLETED; exit: 0; error: -; workDir: /Users/nimra236/Dropbox/Doc/My_tools_in/My_Toolbox/Nextflow/work/88/031b3e3cb5ebd7c5d176762901c607]
juli-15 13:52:04.989 [Task monitor] DEBUG nextflow.util.ThreadPoolBuilder - Creating thread pool 'FileTransfer' minSize=4; maxSize=4; workQueue=LinkedBlockingQueue[10000]; allowCoreThreadTimeout=false
juli-15 13:52:05.008 [main] DEBUG nextflow.Session - Session await > all process finished
juli-15 13:52:05.010 [main] DEBUG nextflow.Session - Session await > all barriers passed
juli-15 13:52:05.017 [main] DEBUG nextflow.trace.WorkflowStatsObserver - Workflow completed > WorkflowStats[succeededCount=1; failedCount=0; ignoredCount=0; cachedCount=0; pendingCount=0; submittedCount=0; runningCount=0; retriesCount=0; abortedCount=0; succeedDuration=6ms; failedDuration=0ms; cachedDuration=0ms;loadCpus=0; loadMemory=0; peakRunning=1; peakCpus=1; peakMemory=0; ]
juli-15 13:52:05.118 [main] DEBUG nextflow.cache.CacheDB - Closing CacheDB done
juli-15 13:52:05.133 [main] DEBUG nextflow.script.ScriptRunner - > Execution complete -- Goodbye
